<?xml version="1.0" encoding="UTF-8"?>
<testng-results ignored="0" total="2" passed="2" failed="0" skipped="0">
  <reporter-output>
  </reporter-output>
  <suite started-at="2025-08-20T14:43:19 IST" name="Default suite" finished-at="2025-08-20T14:43:24 IST" duration-ms="5713">
    <groups>
    </groups>
    <test started-at="2025-08-20T14:43:19 IST" name="Default test" finished-at="2025-08-20T14:43:24 IST" duration-ms="5713">
      <class name="tests.AssertionTest">
        <test-method signature="testTitle()[pri:0, instance:tests.AssertionTest@4135c3b]" started-at="2025-08-20T14:43:19 IST" name="testTitle" finished-at="2025-08-20T14:43:24 IST" duration-ms="5656" status="PASS">
          <reporter-output>
          </reporter-output>
        </test-method> <!-- testTitle -->
        <test-method signature="verifySomething()[pri:0, instance:tests.AssertionTest@4135c3b]" started-at="2025-08-20T14:43:24 IST" name="verifySomething" finished-at="2025-08-20T14:43:24 IST" duration-ms="4" status="PASS">
          <reporter-output>
          </reporter-output>
        </test-method> <!-- verifySomething -->
      </class> <!-- tests.AssertionTest -->
    </test> <!-- Default test -->
  </suite> <!-- Default suite -->
</testng-results>
