<?xml version="1.0" encoding="UTF-8"?>
<!-- Generated by org.testng.reporters.JUnitXMLReporter -->
<testsuite ignored="0" hostname="nageswari" failures="0" tests="8" name="Chrome-PolicyFlow" time="60.416" errors="0" timestamp="2025-09-08T17:11:40 IST">
  <testcase classname="com.parabank.tests.LoginTests" name="invalidLogin" time="3.492"/>
  <testcase classname="com.parabank.tests.LoginTests" name="validLogin" time="4.729"/>
  <testcase classname="com.parabank.tests.PolicyCreationTests" name="createPolicy" time="12.196"/>
  <testcase classname="com.parabank.tests.PolicyCreationTests" name="createPolicy" time="12.073"/>
  <testcase classname="com.parabank.tests.PremiumCalculationTests" name="validatePremium" time="0.012"/>
  <testcase classname="com.parabank.tests.PremiumCalculationTests" name="validatePremium" time="0.004"/>
  <testcase classname="com.parabank.tests.PremiumCalculationTests" name="validatePremium" time="0.005"/>
  <testcase classname="com.parabank.tests.PremiumCalculationTests" name="validatePremium" time="0.003"/>
</testsuite> <!-- Chrome-PolicyFlow -->
