<?xml version="1.0" encoding="UTF-8"?>
<!-- Generated by org.testng.reporters.JUnitXMLReporter -->
<testsuite ignored="0" hostname="nageswari" failures="0" tests="3" name="Firefox-ClaimsPayments" time="120.536" errors="0" timestamp="2025-09-08T17:12:41 IST">
  <testcase classname="com.parabank.tests.RenewalTests" name="renewPolicy" time="13.585"/>
  <testcase classname="com.parabank.tests.ClaimsTests" name="submitClaim" time="44.212"/>
  <testcase classname="com.parabank.tests.PaymentGatewayTests" name="failedPayment" time="43.204"/>
</testsuite> <!-- Firefox-ClaimsPayments -->
