<?xml version="1.0" encoding="UTF-8"?>
<testng-results ignored="0" total="4" passed="4" failed="0" skipped="0">
  <reporter-output>
  </reporter-output>
  <suite started-at="2025-08-20T11:12:58 IST" name="Default suite" finished-at="2025-08-20T11:12:58 IST" duration-ms="150">
    <groups>
      <group name="regression">
        <method signature="TestNGDemo.test3()[pri:0, instance:v1.TestNGDemo@4550bb58]" name="test3" class="v1.TestNGDemo"/>
        <method signature="TestNGDemo.test4()[pri:0, instance:v1.TestNGDemo@4550bb58]" name="test4" class="v1.TestNGDemo"/>
      </group> <!-- regression -->
      <group name="smoke">
        <method signature="TestNGDemo.test1()[pri:0, instance:v1.TestNGDemo@4550bb58]" name="test1" class="v1.TestNGDemo"/>
        <method signature="TestNGDemo.test4()[pri:0, instance:v1.TestNGDemo@4550bb58]" name="test4" class="v1.TestNGDemo"/>
      </group> <!-- smoke -->
      <group name="sanity">
        <method signature="TestNGDemo.test2()[pri:0, instance:v1.TestNGDemo@4550bb58]" name="test2" class="v1.TestNGDemo"/>
      </group> <!-- sanity -->
    </groups>
    <test started-at="2025-08-20T11:12:58 IST" name="Default test" finished-at="2025-08-20T11:12:58 IST" duration-ms="150">
      <class name="v1.TestNGDemo">
        <test-method signature="test1()[pri:0, instance:v1.TestNGDemo@4550bb58]" started-at="2025-08-20T11:12:58 IST" name="test1" finished-at="2025-08-20T11:12:58 IST" duration-ms="17" status="PASS">
          <reporter-output>
          </reporter-output>
        </test-method> <!-- test1 -->
        <test-method signature="test2()[pri:0, instance:v1.TestNGDemo@4550bb58]" started-at="2025-08-20T11:12:58 IST" name="test2" finished-at="2025-08-20T11:12:58 IST" duration-ms="2" status="PASS">
          <reporter-output>
          </reporter-output>
        </test-method> <!-- test2 -->
        <test-method signature="test3()[pri:0, instance:v1.TestNGDemo@4550bb58]" started-at="2025-08-20T11:12:58 IST" name="test3" finished-at="2025-08-20T11:12:58 IST" duration-ms="2" status="PASS">
          <reporter-output>
          </reporter-output>
        </test-method> <!-- test3 -->
        <test-method signature="test4()[pri:0, instance:v1.TestNGDemo@4550bb58]" started-at="2025-08-20T11:12:58 IST" name="test4" finished-at="2025-08-20T11:12:58 IST" duration-ms="3" status="PASS">
          <reporter-output>
          </reporter-output>
        </test-method> <!-- test4 -->
      </class> <!-- v1.TestNGDemo -->
    </test> <!-- Default test -->
  </suite> <!-- Default suite -->
</testng-results>
