<?xml version="1.0" encoding="UTF-8"?>
<!-- Generated by org.testng.reporters.JUnitReportReporter -->
<testsuite hostname="nageswari" failures="0" tests="2" name="com.parabank.tests.PolicyCreationTests" time="30.313" errors="0" timestamp="2025-09-08T17:12:41 IST" skipped="0">
  <testcase classname="com.parabank.tests.PolicyCreationTests" name="createPolicy" time="15.185"/>
  <testcase classname="com.parabank.tests.PolicyCreationTests" name="createPolicy" time="15.128"/>
</testsuite> <!-- com.parabank.tests.PolicyCreationTests -->
