<?xml version="1.0" encoding="UTF-8"?>
<!-- Generated by org.testng.reporters.JUnitReportReporter -->
<testsuite hostname="nageswari" failures="0" tests="4" name="com.parabank.tests.PremiumCalculationTests" time="12.469" errors="0" timestamp="2025-09-08T17:12:41 IST" skipped="0">
  <testcase classname="com.parabank.tests.PremiumCalculationTests" name="validatePremium" time="2.576"/>
  <testcase classname="com.parabank.tests.PremiumCalculationTests" name="validatePremium" time="4.555"/>
  <testcase classname="com.parabank.tests.PremiumCalculationTests" name="validatePremium" time="2.575"/>
  <testcase classname="com.parabank.tests.PremiumCalculationTests" name="validatePremium" time="2.763"/>
</testsuite> <!-- com.parabank.tests.PremiumCalculationTests -->
