<?xml version="1.0" encoding="UTF-8"?>
<!-- Generated by org.testng.reporters.JUnitXMLReporter -->
<testsuite ignored="0" hostname="nageswari" failures="0" tests="4" name="Default test" time="0.15" errors="0" timestamp="2025-08-20T11:12:58 IST">
  <testcase classname="v1.TestNGDemo" name="test1" time="0.017"/>
  <testcase classname="v1.TestNGDemo" name="test2" time="0.002"/>
  <testcase classname="v1.TestNGDemo" name="test3" time="0.002"/>
  <testcase classname="v1.TestNGDemo" name="test4" time="0.003"/>
</testsuite> <!-- Default test -->
