<?xml version="1.0" encoding="UTF-8"?>
<testng-results ignored="0" total="2" passed="2" failed="0" skipped="0">
  <reporter-output>
  </reporter-output>
  <suite started-at="2025-08-20T12:08:09 IST" name="Default suite" finished-at="2025-08-20T12:08:24 IST" duration-ms="14498">
    <groups>
    </groups>
    <test started-at="2025-08-20T12:08:09 IST" name="Default test" finished-at="2025-08-20T12:08:24 IST" duration-ms="14498">
      <class name="paralleltest.ParallelTest">
        <test-method signature="testChrome()[pri:1, instance:paralleltest.ParallelTest@67d48005]" started-at="2025-08-20T12:08:09 IST" name="testChrome" finished-at="2025-08-20T12:08:16 IST" duration-ms="6674" status="PASS">
          <reporter-output>
          </reporter-output>
        </test-method> <!-- testChrome -->
        <test-method signature="testfirefox()[pri:2, instance:paralleltest.ParallelTest@67d48005]" started-at="2025-08-20T12:08:16 IST" name="testfirefox" finished-at="2025-08-20T12:08:24 IST" duration-ms="7763" status="PASS">
          <reporter-output>
          </reporter-output>
        </test-method> <!-- testfirefox -->
      </class> <!-- paralleltest.ParallelTest -->
    </test> <!-- Default test -->
  </suite> <!-- Default suite -->
</testng-results>
